\BOOKMARK [0][]{Contents.0}{\376\377\000T\000a\000b\000l\000e\000\040\000o\000f\000\040\000c\000o\000n\000t\000e\000n\000t\000s}{}% 1
\BOOKMARK [0][]{chapter*.5}{\376\377\000L\000i\000s\000t\000\040\000o\000f\000\040\000f\000i\000g\000u\000r\000e\000s}{}% 2
\BOOKMARK [0][]{chapter*.6}{\376\377\000L\000i\000s\000t\000\040\000o\000f\000\040\000t\000a\000b\000l\000e\000s}{}% 3
\BOOKMARK [0][]{chapter.1}{\376\377\0001\000\040\000I\000n\000t\000r\000o\000d\000u\000c\000t\000i\000o\000n}{}% 4
\BOOKMARK [1][]{section.1.1}{\376\377\0001\000.\0001\000\040\000M\000o\000t\000i\000v\000a\000t\000i\000o\000n}{chapter.1}% 5
\BOOKMARK [1][]{section.1.2}{\376\377\0001\000.\0002\000\040\000O\000u\000r\000\040\000C\000o\000n\000t\000r\000i\000b\000u\000t\000i\000o\000n\000s}{chapter.1}% 6
\BOOKMARK [1][]{section.1.3}{\376\377\0001\000.\0003\000\040\000T\000h\000e\000s\000i\000s\000\040\000O\000u\000t\000l\000i\000n\000e}{chapter.1}% 7
\BOOKMARK [1][]{section.1.4}{\376\377\0001\000.\0004\000\040\000T\000h\000e\000o\000r\000e\000t\000i\000c\000a\000l\000\040\000F\000o\000u\000n\000d\000a\000t\000i\000o\000n\000s}{chapter.1}% 8
\BOOKMARK [1][]{section.1.5}{\376\377\0001\000.\0005\000\040\000I\000m\000a\000g\000e\000\040\000C\000o\000m\000p\000r\000e\000s\000s\000i\000o\000n}{chapter.1}% 9
\BOOKMARK [2][]{subsection.1.5.1}{\376\377\0001\000.\0005\000.\0001\000\040\000S\000o\000u\000r\000c\000e\000\040\000C\000o\000d\000i\000n\000g}{section.1.5}% 10
\BOOKMARK [2][]{subsection.1.5.2}{\376\377\0001\000.\0005\000.\0002\000\040\000L\000o\000s\000s\000y\000\040\000C\000o\000m\000p\000r\000e\000s\000s\000i\000o\000n}{section.1.5}% 11
\BOOKMARK [2][]{subsection.1.5.3}{\376\377\0001\000.\0005\000.\0003\000\040\000D\000i\000s\000t\000o\000r\000t\000i\000o\000n}{section.1.5}% 12
\BOOKMARK [2][]{subsection.1.5.4}{\376\377\0001\000.\0005\000.\0004\000\040\000R\000a\000t\000e}{section.1.5}% 13
\BOOKMARK [2][]{subsection.1.5.5}{\376\377\0001\000.\0005\000.\0005\000\040\000T\000r\000a\000n\000s\000f\000o\000r\000m\000\040\000C\000o\000d\000i\000n\000g}{section.1.5}% 14
\BOOKMARK [1][]{section.1.6}{\376\377\0001\000.\0006\000\040\000T\000h\000e\000o\000r\000e\000t\000i\000c\000a\000l\000\040\000F\000o\000u\000n\000d\000a\000t\000i\000o\000n\000s}{chapter.1}% 15
\BOOKMARK [2][]{subsection.1.6.1}{\376\377\0001\000.\0006\000.\0001\000\040\000T\000h\000e\000\040\000M\000i\000n\000i\000m\000u\000m\000\040\000D\000e\000s\000c\000r\000i\000p\000t\000i\000o\000n\000\040\000L\000e\000n\000g\000t\000h\000\040\000P\000r\000i\000n\000c\000i\000p\000l\000e}{section.1.6}% 16
\BOOKMARK [2][]{subsection.1.6.2}{\376\377\0001\000.\0006\000.\0002\000\040\000B\000i\000t\000s\000-\000B\000a\000c\000k\000\040\000A\000r\000g\000u\000m\000e\000n\000t}{section.1.6}% 17
\BOOKMARK [1][]{section.1.7}{\376\377\0001\000.\0007\000\040\000C\000o\000m\000p\000r\000e\000s\000s\000i\000o\000n\000\040\000w\000i\000t\000h\000o\000u\000t\000\040\000Q\000u\000a\000n\000t\000i\000z\000a\000t\000i\000o\000n}{chapter.1}% 18
\BOOKMARK [0][]{chapter.2}{\376\377\0002\000\040\000R\000e\000l\000a\000t\000e\000d\000\040\000W\000o\000r\000k\000s}{}% 19
\BOOKMARK [1][]{section.2.1}{\376\377\0002\000.\0001\000\040\000M\000a\000c\000h\000i\000n\000e\000\040\000L\000e\000a\000r\000n\000i\000n\000g\000-\000b\000a\000s\000e\000d\000\040\000I\000m\000a\000g\000e\000\040\000C\000o\000m\000p\000r\000e\000s\000s\000i\000o\000n}{chapter.2}% 20
\BOOKMARK [1][]{section.2.2}{\376\377\0002\000.\0002\000\040\000C\000o\000m\000p\000a\000r\000i\000s\000o\000n\000\040\000o\000f\000\040\000R\000e\000c\000e\000n\000t\000\040\000W\000o\000r\000k\000s}{chapter.2}% 21
\BOOKMARK [2][]{subsection.2.2.1}{\376\377\0002\000.\0002\000.\0001\000\040\000D\000a\000t\000a\000s\000e\000t\000s\000\040\000a\000n\000d\000\040\000I\000n\000p\000u\000t\000\040\000P\000i\000p\000e\000l\000i\000n\000e\000s}{section.2.2}% 22
\BOOKMARK [2][]{subsection.2.2.2}{\376\377\0002\000.\0002\000.\0002\000\040\000A\000r\000c\000h\000i\000t\000e\000c\000t\000u\000r\000e\000s}{section.2.2}% 23
\BOOKMARK [2][]{subsection.2.2.3}{\376\377\0002\000.\0002\000.\0003\000\040\000Q\000u\000a\000n\000t\000i\000z\000a\000t\000i\000o\000n}{section.2.2}% 24
\BOOKMARK [2][]{subsection.2.2.4}{\376\377\0002\000.\0002\000.\0004\000\040\000C\000o\000d\000i\000n\000g}{section.2.2}% 25
\BOOKMARK [2][]{subsection.2.2.5}{\376\377\0002\000.\0002\000.\0005\000\040\000T\000r\000a\000i\000n\000i\000n\000g}{section.2.2}% 26
\BOOKMARK [2][]{subsection.2.2.6}{\376\377\0002\000.\0002\000.\0006\000\040\000E\000v\000a\000l\000u\000a\000t\000i\000o\000n}{section.2.2}% 27
\BOOKMARK [0][]{chapter.3}{\376\377\0003\000\040\000M\000e\000t\000h\000o\000d}{}% 28
\BOOKMARK [1][]{section.3.1}{\376\377\0003\000.\0001\000\040\000D\000a\000t\000a\000s\000e\000t\000\040\000a\000n\000d\000\040\000P\000r\000e\000p\000r\000o\000c\000e\000s\000s\000i\000n\000g}{chapter.3}% 29
\BOOKMARK [1][]{section.3.2}{\376\377\0003\000.\0002\000\040\000A\000r\000c\000h\000i\000t\000e\000c\000t\000u\000r\000e\000s}{chapter.3}% 30
\BOOKMARK [2][]{subsection.3.2.1}{\376\377\0003\000.\0002\000.\0001\000\040\000V\000A\000E\000s}{section.3.2}% 31
\BOOKMARK [2][]{subsection.3.2.2}{\376\377\0003\000.\0002\000.\0002\000\040\000P\000r\000o\000b\000a\000b\000i\000l\000i\000s\000t\000i\000c\000\040\000L\000a\000d\000d\000e\000r\000\040\000N\000e\000t\000w\000o\000r\000k}{section.3.2}% 32
\BOOKMARK [1][]{section.3.3}{\376\377\0003\000.\0003\000\040\000T\000r\000a\000i\000n\000i\000n\000g}{chapter.3}% 33
\BOOKMARK [2][]{subsection.3.3.1}{\376\377\0003\000.\0003\000.\0001\000\040\000L\000e\000a\000r\000n\000i\000n\000g\000\040\000t\000h\000e\000\040\000V\000a\000r\000i\000a\000n\000c\000e\000\040\000o\000f\000\040\000t\000h\000e\000\040\000L\000i\000k\000e\000l\000i\000h\000o\000o\000d}{section.3.3}% 34
\BOOKMARK [1][]{section.3.4}{\376\377\0003\000.\0004\000\040\000C\000o\000d\000e\000d\000\040\000S\000a\000m\000p\000l\000i\000n\000g}{chapter.3}% 35
\BOOKMARK [2][]{subsection.3.4.1}{\376\377\0003\000.\0004\000.\0001\000\040\000P\000a\000r\000a\000l\000l\000e\000l\000i\000z\000e\000d\000\040\000R\000e\000j\000e\000c\000t\000i\000o\000n\000\040\000S\000a\000m\000p\000l\000i\000n\000g}{section.3.4}% 36
\BOOKMARK [2][]{subsection.3.4.2}{\376\377\0003\000.\0004\000.\0002\000\040\000R\000e\000f\000i\000n\000e\000m\000e\000n\000t\000:\000\040\000G\000r\000e\000e\000d\000y\000\040\000S\000a\000m\000p\000l\000i\000n\000g}{section.3.4}% 37
\BOOKMARK [2][]{subsection.3.4.3}{\376\377\0003\000.\0004\000.\0003\000\040\000S\000e\000c\000o\000n\000d\000\040\000R\000e\000f\000i\000n\000e\000m\000e\000n\000t\000:\000\040\000A\000d\000a\000p\000t\000i\000v\000e\000\040\000I\000m\000p\000o\000r\000t\000a\000n\000c\000e\000\040\000S\000a\000m\000p\000l\000i\000n\000g}{section.3.4}% 38
\BOOKMARK [1][]{section.3.5}{\376\377\0003\000.\0005\000\040\000C\000o\000d\000i\000n\000g}{chapter.3}% 39
\BOOKMARK [2][]{subsection.3.5.1}{\376\377\0003\000.\0005\000.\0001\000\040\000C\000o\000d\000i\000n\000g\000\040\000t\000h\000e\000\040\000r\000e\000j\000e\000c\000t\000i\000o\000n\000\040\000s\000a\000m\000p\000l\000e\000d\000\040\000l\000a\000t\000e\000n\000t\000s}{section.3.5}% 40
\BOOKMARK [2][]{subsection.3.5.2}{\376\377\0003\000.\0005\000.\0002\000\040\000A\000\040\000n\000o\000t\000e\000\040\000o\000n\000\040\000t\000h\000e\000\040\000A\000r\000i\000t\000h\000m\000e\000t\000i\000c\000\040\000C\000o\000d\000e\000r}{section.3.5}% 41
\BOOKMARK [2][]{subsection.3.5.3}{\376\377\0003\000.\0005\000.\0003\000\040\000C\000o\000d\000i\000n\000g\000\040\000t\000h\000e\000\040\000g\000r\000e\000e\000d\000y\000\040\000\046\000\040\000i\000m\000p\000o\000r\000t\000a\000n\000c\000e\000\040\000s\000a\000m\000p\000l\000e\000d\000\040\000l\000a\000t\000e\000n\000t\000s}{section.3.5}% 42
\BOOKMARK [0][]{chapter.4}{\376\377\0004\000\040\000R\000e\000s\000u\000l\000t\000s}{}% 43
\BOOKMARK [1][]{section.4.1}{\376\377\0004\000.\0001\000\040\000E\000x\000p\000e\000r\000i\000m\000e\000n\000t\000a\000l\000\040\000S\000e\000t\000u\000p}{chapter.4}% 44
\BOOKMARK [1][]{section.4.2}{\376\377\0004\000.\0002\000\040\000C\000o\000m\000p\000a\000r\000i\000s\000o\000n\000\040\000o\000f\000\040\000o\000u\000r\000\040\000m\000e\000t\000h\000o\000d\000\040\000w\000i\000t\000h\000\040\000o\000t\000h\000e\000r\000\040\000a\000l\000g\000o\000r\000i\000t\000h\000m\000s}{chapter.4}% 45
\BOOKMARK [1][]{section.4.3}{\376\377\0004\000.\0003\000\040\000A\000n\000a\000l\000y\000s\000i\000s\000\040\000o\000f\000\040\000t\000h\000e\000\040\000c\000o\000n\000t\000r\000i\000b\000u\000t\000i\000o\000n\000\040\000o\000f\000\040\000t\000h\000e\000\040\000s\000e\000c\000o\000n\000d\000\040\000l\000e\000v\000e\000l}{chapter.4}% 46
\BOOKMARK [1][]{section.4.4}{\376\377\0004\000.\0004\000\040\000C\000o\000m\000p\000r\000e\000s\000s\000i\000o\000n\000\040\000S\000p\000e\000e\000d}{chapter.4}% 47
\BOOKMARK [0][]{chapter.5}{\376\377\0005\000\040\000C\000o\000n\000c\000l\000u\000s\000i\000o\000n\000\040\000a\000n\000d\000\040\000F\000u\000t\000u\000r\000e\000\040\000W\000o\000r\000k}{}% 48
\BOOKMARK [0][]{chapter*.37}{\376\377\000R\000e\000f\000e\000r\000e\000n\000c\000e\000s}{}% 49
\BOOKMARK [0][]{Appendix.a.A}{\376\377\000A\000p\000p\000e\000n\000d\000i\000x\000\040\000A\000\040\000A\000p\000p\000e\000n\000d\000i\000x\000\040\000A}{}% 50
\BOOKMARK [0][]{Appendix.a.B}{\376\377\000A\000p\000p\000e\000n\000d\000i\000x\000\040\000B\000\040\000A\000p\000p\000e\000n\000d\000i\000x\000\040\000B\000:\000\040\000I\000m\000a\000g\000e\000s}{}% 51
